[16:38:38] [main/INFO] (FabricLoader) Loading for game Minecraft 1.16.5
[16:38:39] [main/INFO] (Fabric|Loader) [FabricLoader] Loading 48 mods: fabric-renderer-api-v1@0.4.2+2868a2287d, fabric-screen-handler-api-v1@1.1.5+9354966b7d, fabric-networking-blockentity-v0@0.2.8+ca58154a7d, minecraft@1.16.5, fabric-keybindings-v0@0.2.1+ca58154a7d, fabric-command-api-v1@1.1.1+351679a77d, fabricloader@0.11.3, fabric-screen-api-v1@1.0.0+c045166c7d, fabric-tool-attribute-api-v1@1.2.6+ca58154a7d, fabric-renderer-indigo@0.4.4+ca58154a7d, fabric-structure-api-v1@1.1.4+ca58154a7d, fabric-containers-v0@0.1.11+9354966b7d, fabric-object-builder-api-v1@1.9.4+9354966b7d, fabric-dimensions-v1@2.0.6+9354966b7d, java@11, fabric-events-interaction-v0@0.4.2+ca58154a7d, fabric-item-api-v1@1.2.1+ca58154a7d, fabric-crash-report-info-v1@0.1.3+ca58154a7d, fabric-game-rule-api-v1@1.0.6+ca58154a7d, fabric-entity-events-v1@1.0.3+ca58154a7d, fabric-api-base@0.2.1+9354966b7d, fabric-rendering-v0@1.1.2+ca58154a7d, fabric-key-binding-api-v1@1.0.4+9354966b7d, fabric-rendering-v1@1.6.0+2868a2287d, fabric-rendering-data-attachment-v1@0.1.5+ca58154a7d, fabric-resource-loader-v0@0.4.6+2868a2287d, fabric-textures-v0@1.0.6+ca58154a7d, fabric-content-registries-v0@0.2.1+ca58154a7d, fabric-tag-extensions-v0@1.1.1+ca58154a7d, fabric-biome-api-v1@3.1.1+ca58154a7d, fabric-rendering-fluids-v1@0.1.13+ca58154a7d, fabric-registry-sync-v0@0.7.4+ca58154a7d, fabric-commands-v0@0.2.2+ca58154a7d, fabric-blockrenderlayer-v1@1.1.5+ca58154a7d, fabric-lifecycle-events-v1@1.2.1+ca58154a7d, fabric-mining-levels-v0@0.1.3+ca58154a7d, fabric-renderer-registries-v1@2.3.0+2868a2287d, fabric-networking-api-v1@1.0.1+ca58154a7d, fabric-loot-tables-v1@1.0.2+ca58154a7d, fabric-events-lifecycle-v0@0.2.1+ca58154a7d, fabric@0.33.0+1.16, fabric-particles-v1@0.2.4+ca58154a7d, fabric-models-v0@0.3.0+bc7a746f7d, fabric-item-groups-v0@0.2.7+2868a2287d, colwater@1.0.0, fabric-object-builders-v0@0.7.2+ca58154a7d, fabric-networking-v0@0.3.2+ca58154a7d, fabric-api-lookup-api-v1@1.0.0+dc716ea17d
[16:38:39] [main/INFO] (mixin) SpongePowered MIXIN Subsystem Version=0.8.2 Source=file:/Users/daniele/.gradle/caches/modules-2/files-2.1/net.fabricmc/sponge-mixin/0.9.2+mixin.0.8.2/12c437eebf031967eaa7daad861e115932772cc7/sponge-mixin-0.9.2+mixin.0.8.2.jar Service=Knot/Fabric Env=CLIENT
[16:38:40] [main/INFO] (Fabric|MixinBootstrap) Loaded Fabric development mappings for mixin remapper!
[16:38:40] [main/INFO] (mixin) Remapping refMap fabric-networking-blockentity-v0-refmap.json using remapper chain
[16:38:40] [main/INFO] (mixin) Remapping refMap fabric-screen-handler-api-v1-refmap.json using remapper chain
[16:38:40] [main/INFO] (mixin) Remapping refMap fabric-lifecycle-events-v1-refmap.json using remapper chain
[16:38:40] [main/INFO] (mixin) Remapping refMap fabric-containers-v0-refmap.json using remapper chain
[16:38:40] [main/INFO] (mixin) Remapping refMap fabric-renderer-indigo-refmap.json using remapper chain
[16:38:40] [main/INFO] (mixin) Remapping refMap fabric-rendering-data-attachment-v1-refmap.json using remapper chain
[16:38:40] [main/INFO] (mixin) Remapping refMap fabric-structure-api-v1-refmap.json using remapper chain
[16:38:40] [main/INFO] (mixin) Remapping refMap fabric-events-interaction-v0-refmap.json using remapper chain
[16:38:40] [main/INFO] (mixin) Remapping refMap fabric-item-api-v1-refmap.json using remapper chain
[16:38:40] [main/INFO] (mixin) Remapping refMap fabric-loot-tables-v1-refmap.json using remapper chain
[16:38:40] [main/INFO] (mixin) Remapping refMap fabric-object-builder-api-v1-refmap.json using remapper chain
[16:38:40] [main/INFO] (mixin) Remapping refMap fabric-screen-api-v1-refmap.json using remapper chain
[16:38:40] [main/INFO] (mixin) Remapping refMap fabric-dimensions-v1-refmap.json using remapper chain
[16:38:40] [main/INFO] (mixin) Remapping refMap fabric-renderer-registries-v1-refmap.json using remapper chain
[16:38:40] [main/INFO] (mixin) Remapping refMap fabric-textures-v0-refmap.json using remapper chain
[16:38:40] [main/INFO] (mixin) Remapping refMap fabric-registry-sync-v0-refmap.json using remapper chain
[16:38:40] [main/INFO] (mixin) Remapping refMap fabric-models-v0-refmap.json using remapper chain
[16:38:40] [main/INFO] (mixin) Remapping refMap fabric-blockrenderlayer-v1-refmap.json using remapper chain
[16:38:40] [main/INFO] (mixin) Remapping refMap fabric-renderer-api-v1-refmap.json using remapper chain
[16:38:40] [main/INFO] (mixin) Remapping refMap fabric-containers-v0-refmap.json using remapper chain
[16:38:40] [main/INFO] (mixin) Remapping refMap fabric-rendering-fluids-v1-refmap.json using remapper chain
[16:38:40] [main/INFO] (mixin) Remapping refMap fabric-biome-api-v1-refmap.json using remapper chain
[16:38:40] [main/INFO] (mixin) Remapping refMap fabric-resource-loader-v0-refmap.json using remapper chain
[16:38:40] [main/INFO] (mixin) Remapping refMap fabric-game-rule-api-v1-refmap.json using remapper chain
[16:38:40] [main/INFO] (mixin) Remapping refMap fabric-networking-api-v1-refmap.json using remapper chain
[16:38:40] [main/INFO] (mixin) Remapping refMap fabric-particles-v1-refmap.json using remapper chain
[16:38:40] [main/INFO] (mixin) Remapping refMap fabric-object-builders-refmap.json using remapper chain
[16:38:40] [main/INFO] (mixin) Remapping refMap fabric-tag-extensions-v0-refmap.json using remapper chain
[16:38:40] [main/INFO] (mixin) Remapping refMap fabric-tool-attribute-api-v1-refmap.json using remapper chain
[16:38:40] [main/INFO] (mixin) Remapping refMap fabric-rendering-v1-refmap.json using remapper chain
[16:38:40] [main/INFO] (mixin) Remapping refMap fabric-item-groups-v0-refmap.json using remapper chain
[16:38:40] [main/INFO] (mixin) Remapping refMap fabric-content-registries-v0-refmap.json using remapper chain
[16:38:40] [main/INFO] (mixin) Remapping refMap fabric-command-api-v1-refmap.json using remapper chain
[16:38:40] [main/INFO] (mixin) Remapping refMap fabric-crash-report-info-v1-refmap.json using remapper chain
[16:38:40] [main/INFO] (mixin) Remapping refMap fabric-api-lookup-api-v1-refmap.json using remapper chain
[16:38:40] [main/INFO] (mixin) Remapping refMap fabric-entity-events-v1-refmap.json using remapper chain
[16:38:40] [main/INFO] (mixin) Remapping refMap fabric-key-binding-api-v1-refmap.json using remapper chain
[16:38:40] [main/INFO] (mixin) Remapping refMap fabric-renderer-api-v1-refmap.json using remapper chain
[16:38:41] [main/WARN] (mixin) @Mixin target net/minecraft/client/render/block/BlockModelRenderer$AmbientOcclusionCalculator is public in fabric-renderer-indigo.mixins.json:MixinAmbientOcclusionCalculator and should be specified in value
[16:38:41] [main/WARN] (mixin) @Mixin target net/minecraft/client/render/chunk/ChunkBuilder$BuiltChunk$RebuildTask is public in fabric-renderer-indigo.mixins.json:MixinChunkRebuildTask and should be specified in value
[16:38:41] [main/WARN] (mixin) @Mixin target net/minecraft/village/TradeOffers$TypeAwareBuyForOneEmeraldFactory is public in fabric-object-builder-v1.mixins.json:TypeAwareTradeMixin and should be specified in value
[16:38:41] [main/WARN] (mixin) @Mixin target net/minecraft/client/font/FontManager$1 is public in fabric-resource-loader-v0.mixins.json:client.FontManagerResourceReloadListenerMixin and should be specified in value
[16:38:41] [main/WARN] (mixin) @Mixin target net/minecraft/server/command/GameRuleCommand$1 is public in fabric-game-rule-api-v1.mixins.json:GameRuleCommandVisitorMixin and should be specified in value
[16:38:41] [main/WARN] (mixin) @Mixin target net/minecraft/client/gui/screen/world/EditGameRulesScreen$RuleListWidget$1 is public in fabric-game-rule-api-v1.mixins.json:client.RuleListWidgetVisitorMixin and should be specified in value
[16:38:41] [main/WARN] (mixin) @Mixin target net/minecraft/server/world/ThreadedAnvilChunkStorage$EntityTracker is public in fabric-networking-api-v1.mixins.json:accessor.EntityTrackerAccessor and should be specified in value
[16:38:41] [main/WARN] (mixin) @Mixin target net/minecraft/client/particle/ParticleManager$SimpleSpriteProvider is public in fabric-particles-v1.mixins.json:ParticleManagerAccessor$SimpleSpriteProviderAccessor and should be specified in value
[16:38:41] [main/WARN] (mixin) @Mixin target net/minecraft/tag/Tag$1 is public in fabric-tag-extensions-v0.mixins.json:MixinTagImpl and should be specified in value
[16:38:41] [main/WARN] (mixin) @Mixin target net/minecraft/tag/RequiredTagList$TagWrapper is public in fabric-tag-extensions-v0.mixins.json:MixinTagImpl and should be specified in value
[16:38:52] [main/INFO] (Minecraft) Environment: authHost='https://authserver.mojang.com', accountsHost='https://api.mojang.com', sessionHost='https://sessionserver.mojang.com', servicesHost='https://api.minecraftservices.com', name='PROD'
[16:38:52] [main/ERROR] (Minecraft) Failed to verify authentication
com.mojang.authlib.exceptions.AuthenticationUnavailableException: Cannot contact authentication server
	at com.mojang.authlib.yggdrasil.YggdrasilAuthenticationService.makeRequest(YggdrasilAuthenticationService.java:125) ~[authlib-2.1.28.jar:?]
	at com.mojang.authlib.yggdrasil.YggdrasilSocialInteractionsService.checkPrivileges(YggdrasilSocialInteractionsService.java:94) ~[authlib-2.1.28.jar:?]
	at com.mojang.authlib.yggdrasil.YggdrasilSocialInteractionsService.<init>(YggdrasilSocialInteractionsService.java:40) ~[authlib-2.1.28.jar:?]
	at com.mojang.authlib.yggdrasil.YggdrasilAuthenticationService.createSocialInteractionsService(YggdrasilAuthenticationService.java:152) ~[authlib-2.1.28.jar:?]
	at net.minecraft.client.MinecraftClient.method_31382(MinecraftClient.java:563) [minecraft-1.16.5-mapped-net.fabricmc.yarn-1.16.5+build.6-v2.jar:?]
	at net.minecraft.client.MinecraftClient.<init>(MinecraftClient.java:398) [minecraft-1.16.5-mapped-net.fabricmc.yarn-1.16.5+build.6-v2.jar:?]
	at net.minecraft.client.main.Main.main(Main.java:149) [minecraft-1.16.5-mapped-net.fabricmc.yarn-1.16.5+build.6-v2.jar:?]
	at jdk.internal.reflect.NativeMethodAccessorImpl.invoke0(Native Method) ~[?:?]
	at jdk.internal.reflect.NativeMethodAccessorImpl.invoke(NativeMethodAccessorImpl.java:62) ~[?:?]
	at jdk.internal.reflect.DelegatingMethodAccessorImpl.invoke(DelegatingMethodAccessorImpl.java:43) ~[?:?]
	at java.lang.reflect.Method.invoke(Method.java:566) ~[?:?]
	at net.fabricmc.loader.game.MinecraftGameProvider.launch(MinecraftGameProvider.java:226) [fabric-loader-0.11.3.jar:?]
	at net.fabricmc.loader.launch.knot.Knot.launch(Knot.java:146) [fabric-loader-0.11.3.jar:?]
	at net.fabricmc.loader.launch.knot.KnotClient.main(KnotClient.java:28) [fabric-loader-0.11.3.jar:?]
	at net.fabricmc.devlaunchinjector.Main.main(Main.java:86) [dev-launch-injector-0.2.1+build.8.jar:?]
Caused by: java.net.UnknownHostException: api.minecraftservices.com
	at java.net.AbstractPlainSocketImpl.connect(AbstractPlainSocketImpl.java:220) ~[?:?]
	at java.net.SocksSocketImpl.connect(SocksSocketImpl.java:392) ~[?:?]
	at java.net.Socket.connect(Socket.java:609) ~[?:?]
	at sun.security.ssl.SSLSocketImpl.connect(SSLSocketImpl.java:289) ~[?:?]
	at sun.net.NetworkClient.doConnect(NetworkClient.java:177) ~[?:?]
	at sun.net.www.http.HttpClient.openServer(HttpClient.java:474) ~[?:?]
	at sun.net.www.http.HttpClient.openServer(HttpClient.java:569) ~[?:?]
	at sun.net.www.protocol.https.HttpsClient.<init>(HttpsClient.java:265) ~[?:?]
	at sun.net.www.protocol.https.HttpsClient.New(HttpsClient.java:372) ~[?:?]
	at sun.net.www.protocol.https.AbstractDelegateHttpsURLConnection.getNewHttpClient(AbstractDelegateHttpsURLConnection.java:203) ~[?:?]
	at sun.net.www.protocol.http.HttpURLConnection.plainConnect0(HttpURLConnection.java:1232) ~[?:?]
	at sun.net.www.protocol.http.HttpURLConnection.plainConnect(HttpURLConnection.java:1081) ~[?:?]
	at sun.net.www.protocol.https.AbstractDelegateHttpsURLConnection.connect(AbstractDelegateHttpsURLConnection.java:189) ~[?:?]
	at sun.net.www.protocol.http.HttpURLConnection.getInputStream0(HttpURLConnection.java:1592) ~[?:?]
	at sun.net.www.protocol.http.HttpURLConnection.getInputStream(HttpURLConnection.java:1520) ~[?:?]
	at sun.net.www.protocol.https.HttpsURLConnectionImpl.getInputStream(HttpsURLConnectionImpl.java:250) ~[?:?]
	at com.mojang.authlib.HttpAuthenticationService.performGetRequest(HttpAuthenticationService.java:140) ~[authlib-2.1.28.jar:?]
	at com.mojang.authlib.yggdrasil.YggdrasilAuthenticationService.makeRequest(YggdrasilAuthenticationService.java:104) ~[authlib-2.1.28.jar:?]
	... 14 more
[16:38:52] [main/INFO] (Minecraft) Setting user: Player952
[16:38:54] [main/INFO] (Indigo) [Indigo] Registering Indigo renderer!
[16:38:54] [main/INFO] (Minecraft) Backend library: LWJGL version 3.2.1 build 12
[16:39:00] [main/INFO] (Minecraft) Reloading ResourceManager: Default, Fabric Mods (Fabric Renderer API (v1), Fabric Screen Handler API (v1), Fabric Networking Block Entity (v0), Fabric Key Bindings (v0), Fabric Command API (v1), Fabric Loader, Fabric Screen API (v1), Fabric Tool Attribute API (v1), Fabric Renderer - Indigo, Fabric Structure API (v1), Fabric Containers (v0), Fabric Object Builder API (v1), Fabric Events Interaction (v0), Fabric Item API (v1), Fabric Crash Report Info (v1), Fabric Game Rule API (v1), Fabric Entity Events (v1), Fabric API Base, Fabric Rendering (v0), Fabric Key Binding API (v1), Fabric Rendering (v1), Fabric Rendering Data Attachment (v1), Fabric Resource Loader (v0), Fabric Textures (v0), Fabric Content Registries (v0), Fabric Tag Extensions (v0), Fabric Biome API (v1), Fabric Rendering Fluids (v1), Fabric Registry Sync (v0), Fabric Commands (v0), Fabric BlockRenderLayer Registration (v1), Fabric Lifecycle Events (v1), Fabric Mining Levels (v0), Fabric Renderer Registries (v1), Fabric Networking API (v1), Fabric Loot Tables (v1), Fabric Events Lifecycle (v0), Fabric API, Fabric Particles (v1), Fabric Models (v0), Fabric Item Groups (v0), ColWater, Fabric Object Builders (v0), Fabric Networking (v0), Fabric API Lookup API (v1))
[16:39:12] [Worker-Main-6/WARN] (Minecraft) Unable to load model: 'colwater:block/dyable_water' referenced from: colwater:dyable_water#level=0: java.io.FileNotFoundException: colwater:models/block/dyable_water.json
[16:39:12] [Worker-Main-6/WARN] (Minecraft) Unable to load model: 'colwater:block/green' referenced from: colwater:green#level=0: java.io.FileNotFoundException: colwater:models/block/green.json
[16:39:12] [Worker-Main-6/WARN] (Minecraft) Unable to load model: 'colwater:block/pink' referenced from: colwater:pink#level=0: java.io.FileNotFoundException: colwater:models/block/pink.json
[16:39:12] [Worker-Main-6/WARN] (Minecraft) Unable to load model: 'colwater:block/yellow' referenced from: colwater:yellow#level=0: java.io.FileNotFoundException: colwater:models/block/yellow.json
[16:39:12] [Worker-Main-6/WARN] (Minecraft) Unable to load model: 'colwater:block/purple' referenced from: colwater:purple#level=0: java.io.FileNotFoundException: colwater:models/block/purple.json
[16:39:12] [Worker-Main-6/WARN] (Minecraft) Unable to load model: 'colwater:block/red' referenced from: colwater:red#level=0: java.io.FileNotFoundException: colwater:models/block/red.json
[16:39:12] [Worker-Main-6/WARN] (Minecraft) Unable to load model: 'colwater:block/orange' referenced from: colwater:orange#level=0: java.io.FileNotFoundException: colwater:models/block/orange.json
[16:39:12] [Worker-Main-6/WARN] (Minecraft) Unable to load model: 'colwater:block/black' referenced from: colwater:black#level=0: java.io.FileNotFoundException: colwater:models/block/black.json
[16:39:12] [Worker-Main-6/WARN] (Minecraft) Unable to load model: 'colwater:block/white' referenced from: colwater:white#level=0: java.io.FileNotFoundException: colwater:models/block/white.json
[16:39:12] [Worker-Main-6/WARN] (Minecraft) Unable to load model: 'colwater:block/brown' referenced from: colwater:brown#level=0: java.io.FileNotFoundException: colwater:models/block/brown.json
[16:39:12] [Worker-Main-6/WARN] (Minecraft) Unable to load model: 'colwater:block/magenta' referenced from: colwater:magenta#level=0: java.io.FileNotFoundException: colwater:models/block/magenta.json
[16:39:12] [Worker-Main-6/WARN] (Minecraft) Unable to load model: 'colwater:block/cyan' referenced from: colwater:cyan#level=0: java.io.FileNotFoundException: colwater:models/block/cyan.json
[16:39:12] [Worker-Main-6/WARN] (Minecraft) Unable to load model: 'colwater:block/gray' referenced from: colwater:gray#level=0: java.io.FileNotFoundException: colwater:models/block/gray.json
[16:39:12] [Worker-Main-6/WARN] (Minecraft) Unable to load model: 'colwater:block/light_blue' referenced from: colwater:light_blue#level=0: java.io.FileNotFoundException: colwater:models/block/light_blue.json
[16:39:12] [Worker-Main-6/WARN] (Minecraft) Unable to load model: 'colwater:block/lime' referenced from: colwater:lime#level=0: java.io.FileNotFoundException: colwater:models/block/lime.json
[16:39:22] [main/INFO] (Minecraft) OpenAL initialized.
[16:39:22] [main/INFO] (Minecraft) Sound engine started
[16:39:24] [main/INFO] (Minecraft) Created: 1024x1024x4 minecraft:textures/atlas/blocks.png-atlas
[16:39:24] [main/INFO] (Minecraft) Created: 256x128x4 minecraft:textures/atlas/signs.png-atlas
[16:39:24] [main/INFO] (Minecraft) Created: 1024x512x4 minecraft:textures/atlas/banner_patterns.png-atlas
[16:39:24] [main/INFO] (Minecraft) Created: 1024x512x4 minecraft:textures/atlas/shield_patterns.png-atlas
[16:39:24] [main/INFO] (Minecraft) Created: 256x256x4 minecraft:textures/atlas/chest.png-atlas
[16:39:24] [main/INFO] (Minecraft) Created: 512x256x4 minecraft:textures/atlas/beds.png-atlas
[16:39:24] [main/INFO] (Minecraft) Created: 512x256x4 minecraft:textures/atlas/shulker_boxes.png-atlas
[16:39:26] [main/INFO] (Minecraft) Created: 256x256x0 minecraft:textures/atlas/particles.png-atlas
[16:39:26] [main/INFO] (Minecraft) Created: 256x256x0 minecraft:textures/atlas/paintings.png-atlas
[16:39:26] [main/INFO] (Minecraft) Created: 256x128x0 minecraft:textures/atlas/mob_effects.png-atlas
[16:39:35] [main/WARN] (Minecraft) Ambiguity between arguments [teleport, destination] and [teleport, targets] with inputs: [Player, 0123, @e, dd12be42-52a9-4a91-a8a1-11c01849e498]
[16:39:35] [main/WARN] (Minecraft) Ambiguity between arguments [teleport, location] and [teleport, destination] with inputs: [0.1 -0.5 .9, 0 0 0]
[16:39:35] [main/WARN] (Minecraft) Ambiguity between arguments [teleport, location] and [teleport, targets] with inputs: [0.1 -0.5 .9, 0 0 0]
[16:39:35] [main/WARN] (Minecraft) Ambiguity between arguments [teleport, targets] and [teleport, destination] with inputs: [Player, 0123, dd12be42-52a9-4a91-a8a1-11c01849e498]
[16:39:35] [main/WARN] (Minecraft) Ambiguity between arguments [teleport, targets, location] and [teleport, targets, destination] with inputs: [0.1 -0.5 .9, 0 0 0]
[16:39:35] [main/INFO] (Minecraft) Reloading ResourceManager: Default, Fabric Mods (Fabric Tool Attribute API (v1), ColWater)
[16:39:39] [main/INFO] (Minecraft) Loaded 7 recipes
[16:39:40] [main/INFO] (Minecraft) Loaded 927 advancements
[16:39:40] [main/INFO] (BiomeModificationImpl) Applied 0 biome modifications to 0 of 79 new biomes in 3.059 ms
[16:39:43] [main/INFO] (Minecraft) Environment: authHost='https://authserver.mojang.com', accountsHost='https://api.mojang.com', sessionHost='https://sessionserver.mojang.com', servicesHost='https://api.minecraftservices.com', name='PROD'
[16:39:43] [Server thread/INFO] (Minecraft) Starting integrated minecraft server version 1.16.5
[16:39:43] [Server thread/INFO] (Minecraft) Generating keypair
[16:39:44] [Server thread/INFO] (Minecraft) Preparing start region for dimension minecraft:overworld
[16:39:47] [main/INFO] (Minecraft) Preparing spawn area: 0%
[16:39:47] [main/INFO] (Minecraft) Preparing spawn area: 0%
[16:39:47] [main/INFO] (Minecraft) Preparing spawn area: 0%
[16:39:47] [main/INFO] (Minecraft) Preparing spawn area: 0%
[16:39:47] [main/INFO] (Minecraft) Preparing spawn area: 0%
[16:39:47] [main/INFO] (Minecraft) Preparing spawn area: 0%
[16:39:48] [main/INFO] (Minecraft) Preparing spawn area: 0%
[16:39:53] [main/INFO] (Minecraft) Time elapsed: 8244 ms
[16:39:53] [Server thread/INFO] (Minecraft) Changing view distance to 11, from 10
[16:39:54] [Server thread/INFO] (Minecraft) Player952[local:E:6e7ccb6e] logged in with entity id 1 at (2.7648707924809646, 56.0, 4.660103845742007)
[16:39:54] [Server thread/INFO] (Minecraft) Player952 joined the game
[16:39:55] [Server thread/INFO] (Minecraft) Saving and pausing game...
[16:39:55] [Server thread/INFO] (Minecraft) Saving chunks for level 'ServerLevel[New World]'/minecraft:overworld
[16:39:55] [main/INFO] (Minecraft) Loaded 3 advancements
[16:39:57] [Worker-Main-4/WARN] (Minecraft) Couldn't look up profile properties for com.mojang.authlib.GameProfile@11c10f3a[id=fef5996a-ff47-30bf-9025-1401c61fa24d,name=Player952,properties={},legacy=false]
com.mojang.authlib.exceptions.AuthenticationUnavailableException: Cannot contact authentication server
	at com.mojang.authlib.yggdrasil.YggdrasilAuthenticationService.makeRequest(YggdrasilAuthenticationService.java:125) ~[authlib-2.1.28.jar:?]
	at com.mojang.authlib.yggdrasil.YggdrasilAuthenticationService.makeRequest(YggdrasilAuthenticationService.java:99) ~[authlib-2.1.28.jar:?]
	at com.mojang.authlib.yggdrasil.YggdrasilMinecraftSessionService.fillGameProfile(YggdrasilMinecraftSessionService.java:186) ~[authlib-2.1.28.jar:?]
	at com.mojang.authlib.yggdrasil.YggdrasilMinecraftSessionService$1.load(YggdrasilMinecraftSessionService.java:61) ~[authlib-2.1.28.jar:?]
	at com.mojang.authlib.yggdrasil.YggdrasilMinecraftSessionService$1.load(YggdrasilMinecraftSessionService.java:58) ~[authlib-2.1.28.jar:?]
	at com.google.common.cache.LocalCache$LoadingValueReference.loadFuture(LocalCache.java:3716) ~[guava-21.0.jar:?]
	at com.google.common.cache.LocalCache$Segment.loadSync(LocalCache.java:2424) ~[guava-21.0.jar:?]
	at com.google.common.cache.LocalCache$Segment.lockedGetOrLoad(LocalCache.java:2298) ~[guava-21.0.jar:?]
	at com.google.common.cache.LocalCache$Segment.get(LocalCache.java:2211) ~[guava-21.0.jar:?]
	at com.google.common.cache.LocalCache.get(LocalCache.java:4154) ~[guava-21.0.jar:?]
	at com.google.common.cache.LocalCache.getOrLoad(LocalCache.java:4158) ~[guava-21.0.jar:?]
	at com.google.common.cache.LocalCache$LocalLoadingCache.get(LocalCache.java:5147) ~[guava-21.0.jar:?]
	at com.google.common.cache.LocalCache$LocalLoadingCache.getUnchecked(LocalCache.java:5153) ~[guava-21.0.jar:?]
	at com.mojang.authlib.yggdrasil.YggdrasilMinecraftSessionService.fillProfileProperties(YggdrasilMinecraftSessionService.java:176) ~[authlib-2.1.28.jar:?]
	at net.minecraft.client.MinecraftClient.getSessionProperties(MinecraftClient.java:2316) ~[minecraft-1.16.5-mapped-net.fabricmc.yarn-1.16.5+build.6-v2.jar:?]
	at net.minecraft.client.texture.PlayerSkinProvider.method_4653(PlayerSkinProvider.java:95) ~[minecraft-1.16.5-mapped-net.fabricmc.yarn-1.16.5+build.6-v2.jar:?]
	at java.util.concurrent.ForkJoinTask$RunnableExecuteAction.exec(ForkJoinTask.java:1426) [?:?]
	at java.util.concurrent.ForkJoinTask.doExec(ForkJoinTask.java:290) [?:?]
	at java.util.concurrent.ForkJoinPool$WorkQueue.topLevelExec(ForkJoinPool.java:1020) [?:?]
	at java.util.concurrent.ForkJoinPool.scan(ForkJoinPool.java:1656) [?:?]
	at java.util.concurrent.ForkJoinPool.runWorker(ForkJoinPool.java:1594) [?:?]
	at java.util.concurrent.ForkJoinWorkerThread.run(ForkJoinWorkerThread.java:183) [?:?]
Caused by: java.net.UnknownHostException: sessionserver.mojang.com
	at java.net.AbstractPlainSocketImpl.connect(AbstractPlainSocketImpl.java:220) ~[?:?]
	at java.net.SocksSocketImpl.connect(SocksSocketImpl.java:392) ~[?:?]
	at java.net.Socket.connect(Socket.java:609) ~[?:?]
	at sun.security.ssl.SSLSocketImpl.connect(SSLSocketImpl.java:289) ~[?:?]
	at sun.net.NetworkClient.doConnect(NetworkClient.java:177) ~[?:?]
	at sun.net.www.http.HttpClient.openServer(HttpClient.java:474) ~[?:?]
	at sun.net.www.http.HttpClient.openServer(HttpClient.java:569) ~[?:?]
	at sun.net.www.protocol.https.HttpsClient.<init>(HttpsClient.java:265) ~[?:?]
	at sun.net.www.protocol.https.HttpsClient.New(HttpsClient.java:372) ~[?:?]
	at sun.net.www.protocol.https.AbstractDelegateHttpsURLConnection.getNewHttpClient(AbstractDelegateHttpsURLConnection.java:203) ~[?:?]
	at sun.net.www.protocol.http.HttpURLConnection.plainConnect0(HttpURLConnection.java:1232) ~[?:?]
	at sun.net.www.protocol.http.HttpURLConnection.plainConnect(HttpURLConnection.java:1081) ~[?:?]
	at sun.net.www.protocol.https.AbstractDelegateHttpsURLConnection.connect(AbstractDelegateHttpsURLConnection.java:189) ~[?:?]
	at sun.net.www.protocol.http.HttpURLConnection.getInputStream0(HttpURLConnection.java:1592) ~[?:?]
	at sun.net.www.protocol.http.HttpURLConnection.getInputStream(HttpURLConnection.java:1520) ~[?:?]
	at sun.net.www.protocol.https.HttpsURLConnectionImpl.getInputStream(HttpsURLConnectionImpl.java:250) ~[?:?]
	at com.mojang.authlib.HttpAuthenticationService.performGetRequest(HttpAuthenticationService.java:140) ~[authlib-2.1.28.jar:?]
	at com.mojang.authlib.yggdrasil.YggdrasilAuthenticationService.makeRequest(YggdrasilAuthenticationService.java:104) ~[authlib-2.1.28.jar:?]
	... 21 more
[16:39:57] [Server thread/INFO] (Minecraft) Saving chunks for level 'ServerLevel[New World]'/minecraft:the_nether
[16:39:57] [Server thread/INFO] (Minecraft) Saving chunks for level 'ServerLevel[New World]'/minecraft:the_end
[16:39:57] [Server thread/WARN] (Minecraft) Can't keep up! Is the server overloaded? Running 3276ms or 65 ticks behind
[16:40:22] [main/INFO] (Minecraft) Stopping!
[16:40:22] [Server thread/INFO] (Minecraft) Player952 lost connection: Disconnected
[16:40:22] [Server thread/INFO] (Minecraft) Player952 left the game
[16:40:22] [Server thread/INFO] (Minecraft) Stopping singleplayer server as player logged out
[16:40:22] [Server thread/INFO] (Minecraft) Stopping server
[16:40:22] [Server thread/INFO] (Minecraft) Saving players
[16:40:22] [Server thread/INFO] (Minecraft) Saving worlds
[16:40:22] [Server thread/INFO] (Minecraft) Saving chunks for level 'ServerLevel[New World]'/minecraft:overworld
[16:40:22] [Server thread/INFO] (Minecraft) ThreadedAnvilChunkStorage (New World): All chunks are saved
[16:40:22] [Server thread/INFO] (Minecraft) Saving chunks for level 'ServerLevel[New World]'/minecraft:the_nether
[16:40:22] [Server thread/INFO] (Minecraft) ThreadedAnvilChunkStorage (DIM-1): All chunks are saved
[16:40:22] [Server thread/INFO] (Minecraft) Saving chunks for level 'ServerLevel[New World]'/minecraft:the_end
[16:40:22] [Server thread/INFO] (Minecraft) ThreadedAnvilChunkStorage (DIM1): All chunks are saved
[16:40:22] [Server thread/INFO] (Minecraft) ThreadedAnvilChunkStorage (New World): All chunks are saved
[16:40:22] [Server thread/INFO] (Minecraft) ThreadedAnvilChunkStorage (DIM-1): All chunks are saved
[16:40:22] [Server thread/INFO] (Minecraft) ThreadedAnvilChunkStorage (DIM1): All chunks are saved
